  test1.c
D:\秃头日记\tetris\test1.c(7,11): warning C4013: “framedata”未定义；假设外部返回 int
D:\秃头日记\tetris\test1.c(8,11): warning C4013: “drawframe”未定义；假设外部返回 int
  test2.c
D:\秃头日记\tetris\test2.c(4,1): error C2449: 在文件范围内找到“{”(是否缺少函数头?)
D:\秃头日记\tetris\test2.c(5,9): error C2001: 常量中有换行符
D:\秃头日记\tetris\test2.c(6,36): error C2001: 常量中有换行符
D:\秃头日记\tetris\test2.c(7,1): error C2059: 语法错误:“}”
  test3.c
D:\秃头日记\tetris\test3.c(10,9): warning C4013: “printf”未定义；假设外部返回 int
  test6.c
  正在生成代码...
